<?xml version="1.0" encoding="UTF-8"?>
<!-- Generated by org.testng.reporters.JUnitReportReporter -->
<testsuite skipped="0" hostname="PUNBHATT.local" name="com.appdirect.automation.DisplayOutputTestClass" tests="1" failures="0" timestamp="11 May 2017 09:33:32 GMT" time="2.866" errors="0">
  <testcase name="finalPDFDrive" time="2.866" classname="com.appdirect.automation.DisplayOutputTestClass"/>
</testsuite> <!-- com.appdirect.automation.DisplayOutputTestClass -->
