<?xml version="1.0" encoding="UTF-8"?>
<!-- Generated by org.testng.reporters.JUnitReportReporter -->
<testsuite skipped="0" hostname="PUNBHATT.local" name="com.appdirect.automation.AutomatePrices" tests="2" failures="0" timestamp="23 May 2017 12:51:11 GMT" time="93.700" errors="0">
  <testcase name="testMarketplacePriceAddons" time="12.352" classname="com.appdirect.automation.AutomatePrices"/>
  <testcase name="testMarketplacePriceEditions" time="81.348" classname="com.appdirect.automation.AutomatePrices"/>
</testsuite> <!-- com.appdirect.automation.AutomatePrices -->
